*****************************
***********SYSTEM************
*****************************
Unity Version:2020.3.38f1
OS:Windows 11  (10.0.22000) 64bit
System Time: 8/31/2022 12:58:12 PM

*****************************
***********PROJECT***********
*****************************
Scripting Define Symbols: CVR_MRTK
Packages:
SDK Version: 0.26.20
Api Key: ****HWRS
Developer Key: ****9141
Enable Logging: True
Enable Development Logging: False
Gaze Type: Physics
Snapshot Interval: 0.1
Dynamic Object Search in Parent: True
Dynamic Object Layer Mask: -1
Track GPS Location: False
GPS Sync with Player Update: False
GPS Update Interval: 1
GPS Accuracy: 2
Record Floor Position: True
Gaze Snapshot Batch Size: 64
Event Snapshot Batch Size: 64
Event Extreme Batch Size: 256
Event Minimum Timer: 2
Event Automatic Send Timer: 10
Dynamic Snapshot Batch Size: 64
Dynamic Extreme Batch Size: 256
Dynamic Minimum Timer: 2
Dynamic Automatic Send Timer: 10
Sensor Snapshot Batch Size: 64
Sensor Extreme Batch Size: 256
Sensor Minimum Timer: 6
Sensor Automatic Send Timer: 10
Fixation Snapshot Batch Size: 64
Fixation Extreme Batch Size: 2
Fixation Minimum Timer: 2
Fixation Automatic Send Timer: 10
Save Data to Local Cache if no internet connection: True
Cache Size (bytes): 104857600
Cache Size (mb): 100.0 MB
Custom Protocol: https
Custom Gateway: data.cognitive3d.com
Custom Viewer: viewer.cognitive3d.com/scene/
Custom Dashboard: app.cognitive3d.com
Send Data on HMD Remove: True
Send Data on Level Load: True
Send Data on Quit: True
Send Data on Hotkey: False
Send Data Primary Hotkey: F9
Send Data Hotkey Modifiers: True False False
Texture Export Quality: 1
Export Lowest LOD from LODGroup Components: True
Export AO Maps: False
Scene Settings:
  ├─ReadyRoom
  │  ├─Scene Id: 
  │  ├─Scene Path: Assets/CognitiveVR/ReadyRoom/ReadyRoom.unity
  │  ├─Last Revision: 0
  │  ├─Version Number: 1
  │  └─Version Id: 0
  ├─ARBaselineEnvironmentScene
  │  ├─Scene Id: 3f2c600e-7cd8-4515-9480-46c9b5c1baf0
  │  ├─Scene Path: Assets/Scenes/ARBaselineEnvironmentScene.unity
  │  ├─Last Revision: 5249661635208740472
  │  ├─Version Number: 1
  │  └─Version Id: 3219
  ├─SampleScene
  │  ├─Scene Id: 
  │  ├─Scene Path: Assets/Scenes/SampleScene.unity
  │  ├─Last Revision: 0
  │  ├─Version Number: 1
  │  └─Version Id: 0
  └─InteractiveElementExampleScene
     ├─Scene Id: 
     ├─Scene Path: Packages/com.microsoft.mixedreality.toolkit.foundation/SDK/Experimental/InteractiveElement/Example/InteractiveElementExampleScene.unity
     ├─Last Revision: 0
     ├─Version Number: 1
     └─Version Id: 0

*****************************
********CURRENT SCENE********
*****************************
Scene Name: ARBaselineEnvironmentScene
Scene Id: 3f2c600e-7cd8-4515-9480-46c9b5c1baf0
Scene Path: Assets/Scenes/ARBaselineEnvironmentScene.unity
Last Revision: 5249661635208740472
Version Number: 1
Version Id: 3219
Scene Size (mb): 0.01
Main Camera GameObject: Main Camera
Manager Initialize On Start: True
Manager Startup Delay Time (s): 2

*****************************
****CURRENT SCENE OBJECTS****
*****************************
Dynamic Object Count: 3
  ├─GazeReticle
  │  ├─Mesh Name: gazereticle
  │  ├─Has Collider: false
  │  ├─Has Children: true
  │  └─Has Child Colliders: false
  ├─Far Cube
  │  ├─Mesh Name: far_cube
  │  ├─Has Collider: true
  │  ├─Collider Type: UnityEngine.BoxCollider
  │  └─Has Children: false
  └─Near Cube
     ├─Mesh Name: near_cube
     ├─Has Collider: true
     ├─Collider Type: UnityEngine.BoxCollider
     └─Has Children: false

*****************************
********EXPORT FOLDER********
*****************************
/CognitiveVR_SceneExplorerExport (0mb)
   /ARBaselineEnvironmentScene (0.01mb)
      settings.json (0.00mb)
      /screenshot (0.01mb)
         screenshot.png (0.01mb)
   /Dynamic (0.05mb)
      /far_cube (0.02mb)
         cvr_object_thumbnail.png (0.02mb)
         far_cube.bin (0.00mb)
         far_cube.gltf (0.00mb)
      /gazereticle (0.01mb)
         cvr_object_thumbnail.png (0.01mb)
         gazereticle.bin (0.00mb)
         gazereticle.gltf (0.00mb)
      /near_cube (0.02mb)
         cvr_object_thumbnail.png (0.01mb)
         near_cube.bin (0.00mb)
         near_cube.gltf (0.00mb)
