c:\nist\test\arusabilitymetricsenvironment\vsproject\build\obj\arusability\arm64\release\arusability.vcxproj.assemblyreference.cache
c:\nist\test\arusabilitymetricsenvironment\vsproject\build\obj\arusability\arm64\release\arusability.vcxproj.copycomplete
c:\nist\test\arusabilitymetricsenvironment\vsproject\build\obj\arusability\arm64\release\resourcehandlingtask.state
c:\nist\test\arusabilitymetricsenvironment\vsproject\build\obj\arusability\arm64\release\arusability.vcxproj.generateresource.cache
c:\nist\test\arusabilitymetricsenvironment\vsproject\build\obj\arusability\arm64\release\priconfig.xml
c:\nist\test\arusabilitymetricsenvironment\vsproject\build\obj\arusability\arm64\release\priconfig.xml.intermediate
c:\nist\test\arusabilitymetricsenvironment\vsproject\build\obj\arusability\arm64\release\unfiltered.layout.resfiles
c:\nist\test\arusabilitymetricsenvironment\vsproject\build\obj\arusability\arm64\release\unfiltered.layout.resfiles.intermediate
c:\nist\test\arusabilitymetricsenvironment\vsproject\build\obj\arusability\arm64\release\filtered.layout.resfiles
c:\nist\test\arusabilitymetricsenvironment\vsproject\build\obj\arusability\arm64\release\filtered.layout.resfiles.intermediate
c:\nist\test\arusabilitymetricsenvironment\vsproject\build\obj\arusability\arm64\release\excluded.layout.resfiles
c:\nist\test\arusabilitymetricsenvironment\vsproject\build\obj\arusability\arm64\release\excluded.layout.resfiles.intermediate
c:\nist\test\arusabilitymetricsenvironment\vsproject\build\obj\arusability\arm64\release\resources.resfiles
c:\nist\test\arusabilitymetricsenvironment\vsproject\build\obj\arusability\arm64\release\resources.resfiles.intermediate
c:\nist\test\arusabilitymetricsenvironment\vsproject\build\obj\arusability\arm64\release\pri.resfiles
c:\nist\test\arusabilitymetricsenvironment\vsproject\build\obj\arusability\arm64\release\pri.resfiles.intermediate
c:\nist\test\arusabilitymetricsenvironment\vsproject\build\bin\arm64\release\resources.pri
c:\nist\test\arusabilitymetricsenvironment\vsproject\build\obj\arusability\arm64\release\qualifiers.txt
c:\nist\test\arusabilitymetricsenvironment\vsproject\build\obj\arusability\arm64\release\qualifiers.txt.intermediate
c:\nist\test\arusabilitymetricsenvironment\vsproject\build\obj\arusability\arm64\release\multiplequalifiersperdimensionfound.txt
c:\nist\test\arusabilitymetricsenvironment\vsproject\build\obj\arusability\arm64\release\projectarchitectures.txt
c:\nist\test\arusabilitymetricsenvironment\vsproject\build\obj\arusability\arm64\release\.winmd_cache\$unityplayer.winmd_638064760760000000.json
c:\nist\test\arusabilitymetricsenvironment\vsproject\build\bin\arm64\release\appxmanifest.xml
c:\nist\test\arusabilitymetricsenvironment\vsproject\build\bin\arm64\release\arusability.build.appxrecipe
c:\nist\test\arusabilitymetricsenvironment\vsproject\build\obj\arusability\arm64\release\arusability.pch
c:\nist\test\arusabilitymetricsenvironment\vsproject\build\obj\arusability\arm64\release\vc143.pdb
c:\nist\test\arusabilitymetricsenvironment\vsproject\build\obj\arusability\arm64\release\pch.obj
c:\nist\test\arusabilitymetricsenvironment\vsproject\build\obj\arusability\arm64\release\unitygenerated.obj
c:\nist\test\arusabilitymetricsenvironment\vsproject\build\obj\arusability\arm64\release\main.obj
c:\nist\test\arusabilitymetricsenvironment\vsproject\build\obj\arusability\arm64\release\app.obj
c:\nist\test\arusabilitymetricsenvironment\vsproject\build\bin\arm64\release\unityplayer.winmd
c:\nist\test\arusabilitymetricsenvironment\vsproject\build\bin\arm64\release\unityplayer_uap_arm64_release_il2cpp.pdb
c:\nist\test\arusabilitymetricsenvironment\vsproject\build\bin\arm64\release\unityplayer.dll
c:\nist\test\arusabilitymetricsenvironment\vsproject\build\bin\arm64\release\arusability.exe
c:\nist\test\arusabilitymetricsenvironment\vsproject\build\obj\arusability\arm64\release\arusability.iobj
c:\nist\test\arusabilitymetricsenvironment\vsproject\build\bin\arm64\release\arusability.winmd
c:\nist\test\arusabilitymetricsenvironment\vsproject\build\bin\arm64\release\arusability.pdb
c:\nist\test\arusabilitymetricsenvironment\vsproject\build\bin\arm64\release\arusability.lib
c:\nist\test\arusabilitymetricsenvironment\vsproject\build\bin\arm64\release\arusability.exp
c:\nist\test\arusabilitymetricsenvironment\vsproject\build\obj\arusability\arm64\release\arusability.vcxproj.filelistabsolute.txt
c:\nist\test\arusabilitymetricsenvironment\vsproject\build\obj\arusability\arm64\release\arusability.tlog\arusability.read.1u.tlog
c:\nist\test\arusabilitymetricsenvironment\vsproject\build\obj\arusability\arm64\release\arusability.tlog\arusability.write.1u.tlog
c:\nist\test\arusabilitymetricsenvironment\vsproject\build\obj\arusability\arm64\release\arusability.tlog\cl.command.1.tlog
c:\nist\test\arusabilitymetricsenvironment\vsproject\build\obj\arusability\arm64\release\arusability.tlog\cl.read.1.tlog
c:\nist\test\arusabilitymetricsenvironment\vsproject\build\obj\arusability\arm64\release\arusability.tlog\cl.write.1.tlog
c:\nist\test\arusabilitymetricsenvironment\vsproject\build\obj\arusability\arm64\release\arusability.tlog\copylocal.read.1u.tlog
c:\nist\test\arusabilitymetricsenvironment\vsproject\build\obj\arusability\arm64\release\arusability.tlog\copylocal.write.1u.tlog
c:\nist\test\arusabilitymetricsenvironment\vsproject\build\obj\arusability\arm64\release\arusability.tlog\link.command.1.tlog
c:\nist\test\arusabilitymetricsenvironment\vsproject\build\obj\arusability\arm64\release\arusability.tlog\link.read.1.tlog
c:\nist\test\arusabilitymetricsenvironment\vsproject\build\obj\arusability\arm64\release\arusability.tlog\link.write.1.tlog
c:\nist\test\arusabilitymetricsenvironment\vsproject\build\obj\arusability\arm64\release\arusability.tlog\link.write.2u.tlog
